<?xml version="1.0" encoding="UTF-8"?>
<testng-results ignored="0" total="3" passed="3" failed="0" skipped="0">
  <reporter-output>
  </reporter-output>
  <suite started-at="2024-01-16T22:08:48 IST" name="Suite" finished-at="2024-01-16T22:09:55 IST" duration-ms="66615">
    <groups>
      <group name="cucumber">
        <method signature="AbstractTestNGCucumberTests.runScenario(io.cucumber.testng.PickleWrapper,io.cucumber.testng.FeatureWrapper)[pri:0, instance:execution.LoginPageRunner@35aea049]" name="runScenario" class="io.cucumber.testng.AbstractTestNGCucumberTests"/>
      </group> <!-- cucumber -->
    </groups>
    <test started-at="2024-01-16T22:08:48 IST" name="Test" finished-at="2024-01-16T22:09:55 IST" duration-ms="66615">
      <class name="execution.LoginPageRunner">
        <test-method is-config="true" signature="setUpClass()[pri:0, instance:execution.LoginPageRunner@35aea049]" started-at="2024-01-16T22:08:48 IST" name="setUpClass" finished-at="2024-01-16T22:08:50 IST" duration-ms="1410" status="PASS">
          <reporter-output>
          </reporter-output>
        </test-method> <!-- setUpClass -->
        <test-method signature="runScenario(io.cucumber.testng.PickleWrapper,io.cucumber.testng.FeatureWrapper)[pri:0, instance:execution.LoginPageRunner@35aea049]" started-at="2024-01-16T22:08:50 IST" name="runScenario" description="Runs Cucumber Scenarios" data-provider="scenarios" finished-at="2024-01-16T22:09:14 IST" duration-ms="24465" status="PASS">
          <params>
            <param index="0">
              <value>
                <![CDATA["Navigate to HomePage"]]>
              </value>
            </param>
            <param index="1">
              <value>
                <![CDATA["Optional[HomePage]"]]>
              </value>
            </param>
          </params>
          <reporter-output>
          </reporter-output>
        </test-method> <!-- runScenario -->
        <test-method signature="runScenario(io.cucumber.testng.PickleWrapper,io.cucumber.testng.FeatureWrapper)[pri:0, instance:execution.LoginPageRunner@35aea049]" started-at="2024-01-16T22:09:14 IST" name="runScenario" description="Runs Cucumber Scenarios" data-provider="scenarios" finished-at="2024-01-16T22:09:32 IST" duration-ms="17728" status="PASS">
          <params>
            <param index="0">
              <value>
                <![CDATA["Validate login functionality"]]>
              </value>
            </param>
            <param index="1">
              <value>
                <![CDATA["Optional[Login Page]"]]>
              </value>
            </param>
          </params>
          <reporter-output>
          </reporter-output>
        </test-method> <!-- runScenario -->
        <test-method signature="runScenario(io.cucumber.testng.PickleWrapper,io.cucumber.testng.FeatureWrapper)[pri:0, instance:execution.LoginPageRunner@35aea049]" started-at="2024-01-16T22:09:32 IST" name="runScenario" description="Runs Cucumber Scenarios" data-provider="scenarios" finished-at="2024-01-16T22:09:49 IST" duration-ms="17277" status="PASS">
          <params>
            <param index="0">
              <value>
                <![CDATA["Validate login functionality"]]>
              </value>
            </param>
            <param index="1">
              <value>
                <![CDATA["Optional[Login Page]"]]>
              </value>
            </param>
          </params>
          <reporter-output>
          </reporter-output>
        </test-method> <!-- runScenario -->
        <test-method is-config="true" signature="tearDownClass()[pri:0, instance:execution.LoginPageRunner@35aea049]" started-at="2024-01-16T22:09:49 IST" name="tearDownClass" finished-at="2024-01-16T22:09:55 IST" duration-ms="5631" status="PASS">
          <reporter-output>
          </reporter-output>
        </test-method> <!-- tearDownClass -->
      </class> <!-- execution.LoginPageRunner -->
    </test> <!-- Test -->
  </suite> <!-- Suite -->
</testng-results>
