<?xml version="1.0" encoding="UTF-8"?>
<testng-results ignored="0" total="3" passed="3" failed="0" skipped="0">
  <reporter-output>
  </reporter-output>
  <suite started-at="2023-12-26T22:25:45 IST" name="Suite" finished-at="2023-12-26T22:27:05 IST" duration-ms="79661">
    <groups>
      <group name="cucumber">
        <method signature="AbstractTestNGCucumberTests.runScenario(io.cucumber.testng.PickleWrapper,io.cucumber.testng.FeatureWrapper)[pri:0, instance:execution.LoginPageRunner@35aea049]" name="runScenario" class="io.cucumber.testng.AbstractTestNGCucumberTests"/>
      </group> <!-- cucumber -->
    </groups>
    <test started-at="2023-12-26T22:25:45 IST" name="Test" finished-at="2023-12-26T22:27:05 IST" duration-ms="79661">
      <class name="execution.LoginPageRunner">
        <test-method is-config="true" signature="setUpClass()[pri:0, instance:execution.LoginPageRunner@35aea049]" started-at="2023-12-26T22:25:45 IST" name="setUpClass" finished-at="2023-12-26T22:25:47 IST" duration-ms="1994" status="PASS">
          <reporter-output>
          </reporter-output>
        </test-method> <!-- setUpClass -->
        <test-method signature="runScenario(io.cucumber.testng.PickleWrapper,io.cucumber.testng.FeatureWrapper)[pri:0, instance:execution.LoginPageRunner@35aea049]" started-at="2023-12-26T22:25:47 IST" name="runScenario" description="Runs Cucumber Scenarios" data-provider="scenarios" finished-at="2023-12-26T22:26:16 IST" duration-ms="28639" status="PASS">
          <params>
            <param index="0">
              <value>
                <![CDATA["Navigate to HomePage"]]>
              </value>
            </param>
            <param index="1">
              <value>
                <![CDATA["Optional[HomePage]"]]>
              </value>
            </param>
          </params>
          <reporter-output>
          </reporter-output>
        </test-method> <!-- runScenario -->
        <test-method signature="runScenario(io.cucumber.testng.PickleWrapper,io.cucumber.testng.FeatureWrapper)[pri:0, instance:execution.LoginPageRunner@35aea049]" started-at="2023-12-26T22:26:16 IST" name="runScenario" description="Runs Cucumber Scenarios" data-provider="scenarios" finished-at="2023-12-26T22:26:34 IST" duration-ms="18013" status="PASS">
          <params>
            <param index="0">
              <value>
                <![CDATA["Validate login functionality"]]>
              </value>
            </param>
            <param index="1">
              <value>
                <![CDATA["Optional[Login Page]"]]>
              </value>
            </param>
          </params>
          <reporter-output>
          </reporter-output>
        </test-method> <!-- runScenario -->
        <test-method signature="runScenario(io.cucumber.testng.PickleWrapper,io.cucumber.testng.FeatureWrapper)[pri:0, instance:execution.LoginPageRunner@35aea049]" started-at="2023-12-26T22:26:34 IST" name="runScenario" description="Runs Cucumber Scenarios" data-provider="scenarios" finished-at="2023-12-26T22:26:58 IST" duration-ms="24445" status="PASS">
          <params>
            <param index="0">
              <value>
                <![CDATA["Validate login functionality"]]>
              </value>
            </param>
            <param index="1">
              <value>
                <![CDATA["Optional[Login Page]"]]>
              </value>
            </param>
          </params>
          <reporter-output>
          </reporter-output>
        </test-method> <!-- runScenario -->
        <test-method is-config="true" signature="tearDownClass()[pri:0, instance:execution.LoginPageRunner@35aea049]" started-at="2023-12-26T22:26:58 IST" name="tearDownClass" finished-at="2023-12-26T22:27:05 IST" duration-ms="6450" status="PASS">
          <reporter-output>
          </reporter-output>
        </test-method> <!-- tearDownClass -->
      </class> <!-- execution.LoginPageRunner -->
    </test> <!-- Test -->
  </suite> <!-- Suite -->
</testng-results>
