<?xml version="1.0" encoding="UTF-8"?>
<testsuite xmlns:xsi="http://www.w3.org/2001/XMLSchema-instance" xsi:noNamespaceSchemaLocation="https://maven.apache.org/surefire/maven-surefire-plugin/xsd/surefire-test-report.xsd" name="TestSuite" time="113.306" tests="3" errors="0" skipped="0" failures="0">
  <properties>
[...]
</properties>
  <testcase name="runScenario" classname="execution.LoginPageRunner" time="62.174"/>
  <testcase name="runScenario" classname="execution.LoginPageRunner" time="20.302"/>
  <testcase name="runScenario" classname="execution.LoginPageRunner" time="18.204"/>
</testsuite>