<?xml version="1.0" encoding="UTF-8"?>
<testng-results ignored="0" total="3" passed="3" failed="0" skipped="0">
  <reporter-output>
  </reporter-output>
  <suite started-at="2023-12-26T22:22:03 IST" name="Suite" finished-at="2023-12-26T22:23:07 IST" duration-ms="63980">
    <groups>
      <group name="cucumber">
        <method signature="AbstractTestNGCucumberTests.runScenario(io.cucumber.testng.PickleWrapper,io.cucumber.testng.FeatureWrapper)[pri:0, instance:execution.LoginPageRunner@3f191845]" name="runScenario" class="io.cucumber.testng.AbstractTestNGCucumberTests"/>
      </group> <!-- cucumber -->
    </groups>
    <test started-at="2023-12-26T22:22:03 IST" name="Test" finished-at="2023-12-26T22:23:07 IST" duration-ms="63980">
      <class name="execution.LoginPageRunner">
        <test-method is-config="true" signature="setUpClass()[pri:0, instance:execution.LoginPageRunner@3f191845]" started-at="2023-12-26T22:22:03 IST" name="setUpClass" finished-at="2023-12-26T22:22:05 IST" duration-ms="1454" status="PASS">
          <reporter-output>
          </reporter-output>
        </test-method> <!-- setUpClass -->
        <test-method signature="runScenario(io.cucumber.testng.PickleWrapper,io.cucumber.testng.FeatureWrapper)[pri:0, instance:execution.LoginPageRunner@3f191845]" started-at="2023-12-26T22:22:05 IST" name="runScenario" description="Runs Cucumber Scenarios" data-provider="scenarios" finished-at="2023-12-26T22:22:30 IST" duration-ms="25524" status="PASS">
          <params>
            <param index="0">
              <value>
                <![CDATA["Navigate to HomePage"]]>
              </value>
            </param>
            <param index="1">
              <value>
                <![CDATA["Optional[HomePage]"]]>
              </value>
            </param>
          </params>
          <reporter-output>
          </reporter-output>
        </test-method> <!-- runScenario -->
        <test-method signature="runScenario(io.cucumber.testng.PickleWrapper,io.cucumber.testng.FeatureWrapper)[pri:0, instance:execution.LoginPageRunner@3f191845]" started-at="2023-12-26T22:22:30 IST" name="runScenario" description="Runs Cucumber Scenarios" data-provider="scenarios" finished-at="2023-12-26T22:22:45 IST" duration-ms="15314" status="PASS">
          <params>
            <param index="0">
              <value>
                <![CDATA["Validate login functionality"]]>
              </value>
            </param>
            <param index="1">
              <value>
                <![CDATA["Optional[Login Page]"]]>
              </value>
            </param>
          </params>
          <reporter-output>
          </reporter-output>
        </test-method> <!-- runScenario -->
        <test-method signature="runScenario(io.cucumber.testng.PickleWrapper,io.cucumber.testng.FeatureWrapper)[pri:0, instance:execution.LoginPageRunner@3f191845]" started-at="2023-12-26T22:22:45 IST" name="runScenario" description="Runs Cucumber Scenarios" data-provider="scenarios" finished-at="2023-12-26T22:23:01 IST" duration-ms="15039" status="PASS">
          <params>
            <param index="0">
              <value>
                <![CDATA["Validate login functionality"]]>
              </value>
            </param>
            <param index="1">
              <value>
                <![CDATA["Optional[Login Page]"]]>
              </value>
            </param>
          </params>
          <reporter-output>
          </reporter-output>
        </test-method> <!-- runScenario -->
        <test-method is-config="true" signature="tearDownClass()[pri:0, instance:execution.LoginPageRunner@3f191845]" started-at="2023-12-26T22:23:01 IST" name="tearDownClass" finished-at="2023-12-26T22:23:07 IST" duration-ms="6466" status="PASS">
          <reporter-output>
          </reporter-output>
        </test-method> <!-- tearDownClass -->
      </class> <!-- execution.LoginPageRunner -->
    </test> <!-- Test -->
  </suite> <!-- Suite -->
</testng-results>
